--------------------------------------------------------------------------------
IBM WebSphere Application Server Product Installation Status Report
--------------------------------------------------------------------------------

Report at date and time 6. juli 2010 13:20:29 CEST

Installation
--------------------------------------------------------------------------------
Product Directory        C:\IBM\WID7_WTE\runtimes\bi_v7
Version Directory        C:\IBM\WID7_WTE\runtimes\bi_v7\properties\version
DTD Directory            C:\IBM\WID7_WTE\runtimes\bi_v7\properties\version\dtd
Log Directory            C:\IBM\WID7_WTE\runtimes\bi_v7\logs
Backup Directory         C:\IBM\WID7_WTE\runtimes\bi_v7\properties\version\nif\backup
TMP Directory            C:\DOCUME~1\utvikler\LOKALE~1\Temp

Product List
--------------------------------------------------------------------------------
SCA                      installed
ND                       installed
WBI                      installed
XML                      installed

Installed Product
--------------------------------------------------------------------------------
Name                     SCA Feature Pack
Version                  1.0.1.3
ID                       SCA
Build Level              cf031014.03
Build Date               4/7/10
Architecture             Intel (32 bit)

Installed Product
--------------------------------------------------------------------------------
Name                     IBM WebSphere Application Server - ND
Version                  7.0.0.11
ID                       ND
Build Level              cf111021.10
Build Date               5/27/10
Architecture             Intel (32 bit)

Installed Product
--------------------------------------------------------------------------------
Name                     IBM WebSphere Process Server
Version                  7.0.0.2
ID                       WBI
Build Level              of1016.06
Build Date               4/22/10
Architecture             Intel (32 bit)

Installed Product
--------------------------------------------------------------------------------
Name                     XML Feature Pack
Version                  1.0.0.5
ID                       XML
Build Level              cf051014.03
Build Date               4/6/10
Architecture             Intel (32 bit)

Installed Maintenance Package
--------------------------------------------------------------------------------
Maintenance Package ID   7.0.0.x-SDKPM00452
Description              Map.Entry object passed to LinkedHashMap.removeEldestEntry() is not fully constructed. The Entry object contains a key but no value.This isnt the correct behaviour. It should contain both key as well as value.
Build Date               11/10/2009

Installed Maintenance Package
--------------------------------------------------------------------------------
Maintenance Package ID   sdk.PM00452
Description              Map.Entry object passed to LinkedHashMap.removeEldestEntry() is not fully constructed. The Entry object contains a key but no value.This isnt the correct behaviour. It should contain both key as well as value.
Build Date               11/10/2009

Installed Maintenance Package
--------------------------------------------------------------------------------
Maintenance Package ID   1.0-WS-SCA-RP0000001
Description              SCA Feature Pack Refresh Pack 1.0.1.0
Build Date               11/09/2009

Installed Maintenance Package
--------------------------------------------------------------------------------
Maintenance Package ID   fep.sca.enablement.RP1010
Description              SCA Feature Pack Refresh Pack 1.0.1.0
Build Date               11/09/2009

Installed Maintenance Package
--------------------------------------------------------------------------------
Maintenance Package ID   fep.sca.featurepack.RP1010
Description              SCA Feature Pack Refresh Pack 1.0.1.0
Build Date               11/09/2009

Installed Maintenance Package
--------------------------------------------------------------------------------
Maintenance Package ID   fep.sca.swebui.RP1010
Description              SCA Feature Pack Refresh Pack 1.0.1.0
Build Date               11/09/2009

Installed Maintenance Package
--------------------------------------------------------------------------------
Maintenance Package ID   fep.sdo.core.pak
Description              This is an install package for the componentmap: sdo.core
Build Date               11/9/09

Installed Maintenance Package
--------------------------------------------------------------------------------
Maintenance Package ID   fep.sca.featurepack.nd.RP1010
Description              SCA Feature Pack Refresh Pack 1.0.1.0
Build Date               11/09/2009

Installed Maintenance Package
--------------------------------------------------------------------------------
Maintenance Package ID   fep.sdo.core.nd.pak
Description              This is an install package for the componentmap: sdo.core.nd
Build Date               11/9/09

Installed Maintenance Package
--------------------------------------------------------------------------------
Maintenance Package ID   1.0.1-WS-SCA-FP0000001
Description              SCA Feature Pack FixPack 1.0.1.1
Build Date               09/10/2009

Installed Maintenance Package
--------------------------------------------------------------------------------
Maintenance Package ID   fep.sca.enablement.FP1011
Description              SCA Feature Pack FixPack 1.0.1.1
Build Date               09/10/2009

Installed Maintenance Package
--------------------------------------------------------------------------------
Maintenance Package ID   fep.sca.featurepack.FP1011
Description              SCA Feature Pack FixPack 1.0.1.1
Build Date               09/10/2009

Installed Maintenance Package
--------------------------------------------------------------------------------
Maintenance Package ID   fep.sca.swebui.FP1011
Description              SCA Feature Pack FixPack 1.0.1.1
Build Date               09/10/2009

Installed Maintenance Package
--------------------------------------------------------------------------------
Maintenance Package ID   1.0.0-WS-XML-FP0000001
Description              XML Feature Pack FixPack 1.0.0.1
Build Date               07/01/2009

Installed Maintenance Package
--------------------------------------------------------------------------------
Maintenance Package ID   fep.xml.enablement.FP1001
Description              XML Feature Pack FixPack 1.0.0.1
Build Date               06/30/2009

Installed Maintenance Package
--------------------------------------------------------------------------------
Maintenance Package ID   fep.xml.featurepack.FP1001
Description              XML Feature Pack FixPack 1.0.0.1
Build Date               09/15/2009

Installed Maintenance Package
--------------------------------------------------------------------------------
Maintenance Package ID   fep.sca.featurepack.nd.FP1011
Description              SCA Feature Pack FixPack 1.0.1.1
Build Date               09/10/2009

Installed Maintenance Package
--------------------------------------------------------------------------------
Maintenance Package ID   fep.sdo.core.FP1011
Description              SCA Feature Pack FixPack 1.0.1.1
Build Date               09/10/2009

Installed Maintenance Package
--------------------------------------------------------------------------------
Maintenance Package ID   fep.sdo.core.nd.FP1011
Description              SCA Feature Pack FixPack 1.0.1.1
Build Date               09/10/2009

Installed Maintenance Package
--------------------------------------------------------------------------------
Maintenance Package ID   fep.xml.featurepack.nd.FP1001
Description              XML Feature Pack FixPack 1.0.0.1
Build Date               09/15/2009

Installed Maintenance Package
--------------------------------------------------------------------------------
Maintenance Package ID   1.0.1-WS-SCA-FP0000003
Description              SCA Feature Pack FixPack 1.0.1.3
Build Date               04/07/2010

Installed Maintenance Package
--------------------------------------------------------------------------------
Maintenance Package ID   fep.sca.enablement.FP1013
Description              SCA Feature Pack FixPack 1.0.1.3
Build Date               04/07/2010

Installed Maintenance Package
--------------------------------------------------------------------------------
Maintenance Package ID   fep.sca.featurepack.FP1013
Description              SCA Feature Pack FixPack 1.0.1.3
Build Date               04/07/2010

Installed Maintenance Package
--------------------------------------------------------------------------------
Maintenance Package ID   fep.sca.swebui.FP1013
Description              SCA Feature Pack FixPack 1.0.1.3
Build Date               04/07/2010

Installed Maintenance Package
--------------------------------------------------------------------------------
Maintenance Package ID   1.0.0-WS-XML-FP0000005
Description              XML Feature Pack FixPack 1.0.0.5
Build Date               04/06/2010

Installed Maintenance Package
--------------------------------------------------------------------------------
Maintenance Package ID   fep.xml.enablement.FP1005
Description              XML Feature Pack FixPack 1.0.0.5
Build Date               04/06/2010

Installed Maintenance Package
--------------------------------------------------------------------------------
Maintenance Package ID   fep.xml.featurepack.FP1005
Description              XML Feature Pack FixPack 1.0.0.5
Build Date               04/06/2010

Installed Maintenance Package
--------------------------------------------------------------------------------
Maintenance Package ID   fep.sca.featurepack.nd.FP1013
Description              SCA Feature Pack FixPack 1.0.1.3
Build Date               04/07/2010

Installed Maintenance Package
--------------------------------------------------------------------------------
Maintenance Package ID   fep.sdo.core.FP1013
Description              SCA Feature Pack FixPack 1.0.1.3
Build Date               04/07/2010

Installed Maintenance Package
--------------------------------------------------------------------------------
Maintenance Package ID   fep.sdo.core.nd.FP1013
Description              SCA Feature Pack FixPack 1.0.1.3
Build Date               04/07/2010

Installed Maintenance Package
--------------------------------------------------------------------------------
Maintenance Package ID   fep.xml.featurepack.nd.FP1005
Description              XML Feature Pack FixPack 1.0.0.5
Build Date               04/06/2010

Installed Maintenance Package
--------------------------------------------------------------------------------
Maintenance Package ID   7.0.0-WS-WBI-FP0000002
Description              WebSphere Process Server - 7.0.0.2
Build Date               04/22/2010

Installed Maintenance Package
--------------------------------------------------------------------------------
Maintenance Package ID   soacore.FP7002
Description              WebSphere Process Server - 7.0.0.2
Build Date               04/22/2010

Installed Maintenance Package
--------------------------------------------------------------------------------
Maintenance Package ID   bpc.client.FP7002
Description              WebSphere Process Server - 7.0.0.2
Build Date               04/22/2010

Installed Maintenance Package
--------------------------------------------------------------------------------
Maintenance Package ID   iwps.client.FP7002
Description              WebSphere Process Server - 7.0.0.2
Build Date               04/22/2010

Installed Maintenance Package
--------------------------------------------------------------------------------
Maintenance Package ID   wbis.client.common.FP7002
Description              WebSphere Process Server - 7.0.0.2
Build Date               04/22/2010

Installed Maintenance Package
--------------------------------------------------------------------------------
Maintenance Package ID   atlas.client.FP7002
Description              Atlas - 7.0.0.2
Build Date               04/19/2010

Installed Maintenance Package
--------------------------------------------------------------------------------
Maintenance Package ID   soacore.wbi.FP7002
Description              WebSphere Process Server - 7.0.0.2
Build Date               04/22/2010

Installed Maintenance Package
--------------------------------------------------------------------------------
Maintenance Package ID   bpc.FP7002
Description              WebSphere Process Server - 7.0.0.2
Build Date               04/22/2010

Installed Maintenance Package
--------------------------------------------------------------------------------
Maintenance Package ID   cmn.FP7002
Description              WebSphere Process Server - 7.0.0.2
Build Date               04/22/2010

Installed Maintenance Package
--------------------------------------------------------------------------------
Maintenance Package ID   cmn.scripts.FP7002
Description              WebSphere Process Server - 7.0.0.2
Build Date               04/22/2010

Installed Maintenance Package
--------------------------------------------------------------------------------
Maintenance Package ID   wesb.FP7002
Description              WebSphere Process Server - 7.0.0.2
Build Date               04/22/2010

Installed Maintenance Package
--------------------------------------------------------------------------------
Maintenance Package ID   wbis.FP7002
Description              WebSphere Process Server - 7.0.0.2
Build Date               04/22/2010

Installed Maintenance Package
--------------------------------------------------------------------------------
Maintenance Package ID   wbisonly.FP7002
Description              WebSphere Process Server - 7.0.0.2
Build Date               04/22/2010

Installed Maintenance Package
--------------------------------------------------------------------------------
Maintenance Package ID   iwps.FP7002
Description              WebSphere Process Server - 7.0.0.2
Build Date               04/22/2010

Installed Maintenance Package
--------------------------------------------------------------------------------
Maintenance Package ID   iwps.common.FP7002
Description              WebSphere Process Server - 7.0.0.2
Build Date               04/22/2010

Installed Maintenance Package
--------------------------------------------------------------------------------
Maintenance Package ID   atlas.FP7002
Description              Atlas - 7.0.0.2
Build Date               04/19/2010

Installed Maintenance Package
--------------------------------------------------------------------------------
Maintenance Package ID   bspace.FP7002
Description              Business Space - 7.0.0.2
Build Date               04/21/2010

Installed Maintenance Package
--------------------------------------------------------------------------------
Maintenance Package ID   bspace.client.FP7002
Description              Business Space - 7.0.0.2
Build Date               04/21/2010

Installed Maintenance Package
--------------------------------------------------------------------------------
Maintenance Package ID   7.0.0-WS-WAS-WinX32-FP0000011
Description              WebSphere Application Server 7.0.0.11 FixPack
Build Date               05/27/2010

Installed Maintenance Package
--------------------------------------------------------------------------------
Maintenance Package ID   was.ndonly.FP70011
Description              WebSphere Application Server 7.0.0.11
Build Date               05/27/2010

Installed Maintenance Package
--------------------------------------------------------------------------------
Maintenance Package ID   was.ndonly.common.FP70011
Description              WebSphere Application Server 7.0.0.11
Build Date               05/27/2010

Installed Maintenance Package
--------------------------------------------------------------------------------
Maintenance Package ID   was.license.FP70011
Description              WebSphere Application Server 7.0.0.11
Build Date               05/27/2010

Installed Maintenance Package
--------------------------------------------------------------------------------
Maintenance Package ID   was.samples.FP70011
Description              WebSphere Application Server 7.0.0.11
Build Date               05/27/2010

Installed Maintenance Package
--------------------------------------------------------------------------------
Maintenance Package ID   was.samples.common.FP70011
Description              WebSphere Application Server 7.0.0.11
Build Date               05/27/2010

Installed Maintenance Package
--------------------------------------------------------------------------------
Maintenance Package ID   was.samples.beenthere.FP70011
Description              WebSphere Application Server 7.0.0.11
Build Date               05/27/2010

Installed Maintenance Package
--------------------------------------------------------------------------------
Maintenance Package ID   was.server.FP70011
Description              WebSphere Application Server 7.0.0.11
Build Date               05/27/2010

Installed Maintenance Package
--------------------------------------------------------------------------------
Maintenance Package ID   was.server.common.FP70011
Description              WebSphere Application Server 7.0.0.11
Build Date               05/27/2010

Installed Maintenance Package
--------------------------------------------------------------------------------
Maintenance Package ID   was.thinclient.common.FP70011
Description              WebSphere Application Server 7.0.0.11
Build Date               05/27/2010

Installed Maintenance Package
--------------------------------------------------------------------------------
Maintenance Package ID   was.itlm.nd.FP70011
Description              WebSphere Application Server 7.0.0.11
Build Date               05/27/2010

Installed Maintenance Package
--------------------------------------------------------------------------------
Maintenance Package ID   was.embed.FP70011
Description              Embedded Express 7.0.0.11
Build Date               05/27/2010

Installed Maintenance Package
--------------------------------------------------------------------------------
Maintenance Package ID   was.embed.common.FP70011
Description              Embedded Express 7.0.0.11
Build Date               05/27/2010

Installed Maintenance Package
--------------------------------------------------------------------------------
Maintenance Package ID   was.lang.cs.FP70011
Description              WebSphere Application Server 7.0.0.11
Build Date               05/27/2010

Installed Maintenance Package
--------------------------------------------------------------------------------
Maintenance Package ID   was.lang.cs.con.FP70011
Description              WebSphere Application Server 7.0.0.11
Build Date               05/27/2010

Installed Maintenance Package
--------------------------------------------------------------------------------
Maintenance Package ID   was.lang.de.FP70011
Description              WebSphere Application Server 7.0.0.11
Build Date               05/27/2010

Installed Maintenance Package
--------------------------------------------------------------------------------
Maintenance Package ID   was.lang.de.con.FP70011
Description              WebSphere Application Server 7.0.0.11
Build Date               05/27/2010

Installed Maintenance Package
--------------------------------------------------------------------------------
Maintenance Package ID   was.lang.es.FP70011
Description              WebSphere Application Server 7.0.0.11
Build Date               05/27/2010

Installed Maintenance Package
--------------------------------------------------------------------------------
Maintenance Package ID   was.lang.es.con.FP70011
Description              WebSphere Application Server 7.0.0.11
Build Date               05/27/2010

Installed Maintenance Package
--------------------------------------------------------------------------------
Maintenance Package ID   was.lang.fr.FP70011
Description              WebSphere Application Server 7.0.0.11
Build Date               05/27/2010

Installed Maintenance Package
--------------------------------------------------------------------------------
Maintenance Package ID   was.lang.fr.con.FP70011
Description              WebSphere Application Server 7.0.0.11
Build Date               05/27/2010

Installed Maintenance Package
--------------------------------------------------------------------------------
Maintenance Package ID   was.lang.hu.FP70011
Description              WebSphere Application Server 7.0.0.11
Build Date               05/27/2010

Installed Maintenance Package
--------------------------------------------------------------------------------
Maintenance Package ID   was.lang.hu.con.FP70011
Description              WebSphere Application Server 7.0.0.11
Build Date               05/27/2010

Installed Maintenance Package
--------------------------------------------------------------------------------
Maintenance Package ID   was.lang.it.FP70011
Description              WebSphere Application Server 7.0.0.11
Build Date               05/27/2010

Installed Maintenance Package
--------------------------------------------------------------------------------
Maintenance Package ID   was.lang.it.con.FP70011
Description              WebSphere Application Server 7.0.0.11
Build Date               05/27/2010

Installed Maintenance Package
--------------------------------------------------------------------------------
Maintenance Package ID   was.lang.ja.FP70011
Description              WebSphere Application Server 7.0.0.11
Build Date               05/27/2010

Installed Maintenance Package
--------------------------------------------------------------------------------
Maintenance Package ID   was.lang.ja.con.FP70011
Description              WebSphere Application Server 7.0.0.11
Build Date               05/27/2010

Installed Maintenance Package
--------------------------------------------------------------------------------
Maintenance Package ID   was.lang.ko.FP70011
Description              WebSphere Application Server 7.0.0.11
Build Date               05/27/2010

Installed Maintenance Package
--------------------------------------------------------------------------------
Maintenance Package ID   was.lang.ko.con.FP70011
Description              WebSphere Application Server 7.0.0.11
Build Date               05/27/2010

Installed Maintenance Package
--------------------------------------------------------------------------------
Maintenance Package ID   was.lang.future1.FP70011
Description              WebSphere Application Server 7.0.0.11
Build Date               05/27/2010

Installed Maintenance Package
--------------------------------------------------------------------------------
Maintenance Package ID   was.lang.future1.con.FP70011
Description              WebSphere Application Server 7.0.0.11
Build Date               05/27/2010

Installed Maintenance Package
--------------------------------------------------------------------------------
Maintenance Package ID   was.lang.future2.FP70011
Description              WebSphere Application Server 7.0.0.11
Build Date               05/27/2010

Installed Maintenance Package
--------------------------------------------------------------------------------
Maintenance Package ID   was.lang.future2.con.FP70011
Description              WebSphere Application Server 7.0.0.11
Build Date               05/27/2010

Installed Maintenance Package
--------------------------------------------------------------------------------
Maintenance Package ID   was.lang.future3.FP70011
Description              WebSphere Application Server 7.0.0.11
Build Date               05/27/2010

Installed Maintenance Package
--------------------------------------------------------------------------------
Maintenance Package ID   was.lang.future3.con.FP70011
Description              WebSphere Application Server 7.0.0.11
Build Date               05/27/2010

Installed Maintenance Package
--------------------------------------------------------------------------------
Maintenance Package ID   was.lang.future4.FP70011
Description              WebSphere Application Server 7.0.0.11
Build Date               05/27/2010

Installed Maintenance Package
--------------------------------------------------------------------------------
Maintenance Package ID   was.lang.future4.con.FP70011
Description              WebSphere Application Server 7.0.0.11
Build Date               05/27/2010

Installed Maintenance Package
--------------------------------------------------------------------------------
Maintenance Package ID   was.lang.future5.FP70011
Description              WebSphere Application Server 7.0.0.11
Build Date               05/27/2010

Installed Maintenance Package
--------------------------------------------------------------------------------
Maintenance Package ID   was.lang.future5.con.FP70011
Description              WebSphere Application Server 7.0.0.11
Build Date               05/27/2010

Installed Maintenance Package
--------------------------------------------------------------------------------
Maintenance Package ID   was.lang.future6.FP70011
Description              WebSphere Application Server 7.0.0.11
Build Date               05/27/2010

Installed Maintenance Package
--------------------------------------------------------------------------------
Maintenance Package ID   was.lang.future6.con.FP70011
Description              WebSphere Application Server 7.0.0.11
Build Date               05/27/2010

Installed Maintenance Package
--------------------------------------------------------------------------------
Maintenance Package ID   was.lang.pl.FP70011
Description              WebSphere Application Server 7.0.0.11
Build Date               05/27/2010

Installed Maintenance Package
--------------------------------------------------------------------------------
Maintenance Package ID   was.lang.pl.con.FP70011
Description              WebSphere Application Server 7.0.0.11
Build Date               05/27/2010

Installed Maintenance Package
--------------------------------------------------------------------------------
Maintenance Package ID   was.lang.pt.FP70011
Description              WebSphere Application Server 7.0.0.11
Build Date               05/27/2010

Installed Maintenance Package
--------------------------------------------------------------------------------
Maintenance Package ID   was.lang.pt_BR.FP70011
Description              WebSphere Application Server 7.0.0.11
Build Date               05/27/2010

Installed Maintenance Package
--------------------------------------------------------------------------------
Maintenance Package ID   was.lang.pt_BR.con.FP70011
Description              WebSphere Application Server 7.0.0.11
Build Date               05/27/2010

Installed Maintenance Package
--------------------------------------------------------------------------------
Maintenance Package ID   was.lang.pt.con.FP70011
Description              WebSphere Application Server 7.0.0.11
Build Date               05/27/2010

Installed Maintenance Package
--------------------------------------------------------------------------------
Maintenance Package ID   was.lang.ru.FP70011
Description              WebSphere Application Server 7.0.0.11
Build Date               05/27/2010

Installed Maintenance Package
--------------------------------------------------------------------------------
Maintenance Package ID   was.lang.ru.con.FP70011
Description              WebSphere Application Server 7.0.0.11
Build Date               05/27/2010

Installed Maintenance Package
--------------------------------------------------------------------------------
Maintenance Package ID   was.lang.zh.FP70011
Description              WebSphere Application Server 7.0.0.11
Build Date               05/27/2010

Installed Maintenance Package
--------------------------------------------------------------------------------
Maintenance Package ID   was.lang.zh.con.FP70011
Description              WebSphere Application Server 7.0.0.11
Build Date               05/27/2010

Installed Maintenance Package
--------------------------------------------------------------------------------
Maintenance Package ID   was.lang.zh_TW.FP70011
Description              WebSphere Application Server 7.0.0.11
Build Date               05/27/2010

Installed Maintenance Package
--------------------------------------------------------------------------------
Maintenance Package ID   was.lang.zh_TW.con.FP70011
Description              WebSphere Application Server 7.0.0.11
Build Date               05/27/2010

Installed Maintenance Package
--------------------------------------------------------------------------------
Maintenance Package ID   cim.core.FP70011
Description              WebSphere Application Server 7.0.0.11
Build Date               05/19/2010

Installed Maintenance Package
--------------------------------------------------------------------------------
Maintenance Package ID   cim.lang.cs.con.FP70011
Description              WebSphere Application Server 7.0.0.11
Build Date               05/19/2010

Installed Maintenance Package
--------------------------------------------------------------------------------
Maintenance Package ID   cim.lang.cs.FP70011
Description              WebSphere Application Server 7.0.0.11
Build Date               05/19/2010

Installed Maintenance Package
--------------------------------------------------------------------------------
Maintenance Package ID   cim.lang.de.con.FP70011
Description              WebSphere Application Server 7.0.0.11
Build Date               05/19/2010

Installed Maintenance Package
--------------------------------------------------------------------------------
Maintenance Package ID   cim.lang.de.FP70011
Description              WebSphere Application Server 7.0.0.11
Build Date               05/19/2010

Installed Maintenance Package
--------------------------------------------------------------------------------
Maintenance Package ID   cim.lang.es.con.FP70011
Description              WebSphere Application Server 7.0.0.11
Build Date               05/19/2010

Installed Maintenance Package
--------------------------------------------------------------------------------
Maintenance Package ID   cim.lang.es.FP70011
Description              WebSphere Application Server 7.0.0.11
Build Date               05/19/2010

Installed Maintenance Package
--------------------------------------------------------------------------------
Maintenance Package ID   cim.lang.fr.con.FP70011
Description              WebSphere Application Server 7.0.0.11
Build Date               05/19/2010

Installed Maintenance Package
--------------------------------------------------------------------------------
Maintenance Package ID   cim.lang.fr.FP70011
Description              WebSphere Application Server 7.0.0.11
Build Date               05/19/2010

Installed Maintenance Package
--------------------------------------------------------------------------------
Maintenance Package ID   cim.lang.future1.FP70011
Description              WebSphere Application Server 7.0.0.11
Build Date               05/19/2010

Installed Maintenance Package
--------------------------------------------------------------------------------
Maintenance Package ID   cim.lang.future1.con.FP70011
Description              WebSphere Application Server 7.0.0.11
Build Date               05/19/2010

Installed Maintenance Package
--------------------------------------------------------------------------------
Maintenance Package ID   cim.lang.future2.FP70011
Description              WebSphere Application Server 7.0.0.11
Build Date               05/19/2010

Installed Maintenance Package
--------------------------------------------------------------------------------
Maintenance Package ID   cim.lang.future2.con.FP70011
Description              WebSphere Application Server 7.0.0.11
Build Date               05/19/2010

Installed Maintenance Package
--------------------------------------------------------------------------------
Maintenance Package ID   cim.lang.future3.FP70011
Description              WebSphere Application Server 7.0.0.11
Build Date               05/19/2010

Installed Maintenance Package
--------------------------------------------------------------------------------
Maintenance Package ID   cim.lang.future3.con.FP70011
Description              WebSphere Application Server 7.0.0.11
Build Date               05/19/2010

Installed Maintenance Package
--------------------------------------------------------------------------------
Maintenance Package ID   cim.lang.future4.FP70011
Description              WebSphere Application Server 7.0.0.11
Build Date               05/19/2010

Installed Maintenance Package
--------------------------------------------------------------------------------
Maintenance Package ID   cim.lang.future4.con.FP70011
Description              WebSphere Application Server 7.0.0.11
Build Date               05/19/2010

Installed Maintenance Package
--------------------------------------------------------------------------------
Maintenance Package ID   cim.lang.future5.FP70011
Description              WebSphere Application Server 7.0.0.11
Build Date               05/19/2010

Installed Maintenance Package
--------------------------------------------------------------------------------
Maintenance Package ID   cim.lang.future5.con.FP70011
Description              WebSphere Application Server 7.0.0.11
Build Date               05/19/2010

Installed Maintenance Package
--------------------------------------------------------------------------------
Maintenance Package ID   cim.lang.future6.FP70011
Description              WebSphere Application Server 7.0.0.11
Build Date               05/19/2010

Installed Maintenance Package
--------------------------------------------------------------------------------
Maintenance Package ID   cim.lang.future6.con.FP70011
Description              WebSphere Application Server 7.0.0.11
Build Date               05/19/2010

Installed Maintenance Package
--------------------------------------------------------------------------------
Maintenance Package ID   cim.lang.hu.con.FP70011
Description              WebSphere Application Server 7.0.0.11
Build Date               05/19/2010

Installed Maintenance Package
--------------------------------------------------------------------------------
Maintenance Package ID   cim.lang.hu.FP70011
Description              WebSphere Application Server 7.0.0.11
Build Date               05/19/2010

Installed Maintenance Package
--------------------------------------------------------------------------------
Maintenance Package ID   cim.lang.it.con.FP70011
Description              WebSphere Application Server 7.0.0.11
Build Date               05/19/2010

Installed Maintenance Package
--------------------------------------------------------------------------------
Maintenance Package ID   cim.lang.it.FP70011
Description              WebSphere Application Server 7.0.0.11
Build Date               05/19/2010

Installed Maintenance Package
--------------------------------------------------------------------------------
Maintenance Package ID   cim.lang.ja.con.FP70011
Description              WebSphere Application Server 7.0.0.11
Build Date               05/19/2010

Installed Maintenance Package
--------------------------------------------------------------------------------
Maintenance Package ID   cim.lang.ja.FP70011
Description              WebSphere Application Server 7.0.0.11
Build Date               05/19/2010

Installed Maintenance Package
--------------------------------------------------------------------------------
Maintenance Package ID   cim.lang.ko.con.FP70011
Description              WebSphere Application Server 7.0.0.11
Build Date               05/19/2010

Installed Maintenance Package
--------------------------------------------------------------------------------
Maintenance Package ID   cim.lang.ko.FP70011
Description              WebSphere Application Server 7.0.0.11
Build Date               05/19/2010

Installed Maintenance Package
--------------------------------------------------------------------------------
Maintenance Package ID   cim.lang.pl.con.FP70011
Description              WebSphere Application Server 7.0.0.11
Build Date               05/19/2010

Installed Maintenance Package
--------------------------------------------------------------------------------
Maintenance Package ID   cim.lang.pl.FP70011
Description              WebSphere Application Server 7.0.0.11
Build Date               05/19/2010

Installed Maintenance Package
--------------------------------------------------------------------------------
Maintenance Package ID   cim.lang.pt_BR.con.FP70011
Description              WebSphere Application Server 7.0.0.11
Build Date               05/19/2010

Installed Maintenance Package
--------------------------------------------------------------------------------
Maintenance Package ID   cim.lang.pt_BR.FP70011
Description              WebSphere Application Server 7.0.0.11
Build Date               05/19/2010

Installed Maintenance Package
--------------------------------------------------------------------------------
Maintenance Package ID   cim.lang.pt.con.FP70011
Description              WebSphere Application Server 7.0.0.11
Build Date               05/19/2010

Installed Maintenance Package
--------------------------------------------------------------------------------
Maintenance Package ID   cim.lang.pt.FP70011
Description              WebSphere Application Server 7.0.0.11
Build Date               05/19/2010

Installed Maintenance Package
--------------------------------------------------------------------------------
Maintenance Package ID   cim.lang.ru.con.FP70011
Description              WebSphere Application Server 7.0.0.11
Build Date               05/19/2010

Installed Maintenance Package
--------------------------------------------------------------------------------
Maintenance Package ID   cim.lang.ru.FP70011
Description              WebSphere Application Server 7.0.0.11
Build Date               05/19/2010

Installed Maintenance Package
--------------------------------------------------------------------------------
Maintenance Package ID   cim.lang.zh.con.FP70011
Description              WebSphere Application Server 7.0.0.11
Build Date               05/19/2010

Installed Maintenance Package
--------------------------------------------------------------------------------
Maintenance Package ID   cim.lang.zh.FP70011
Description              WebSphere Application Server 7.0.0.11
Build Date               05/19/2010

Installed Maintenance Package
--------------------------------------------------------------------------------
Maintenance Package ID   cim.lang.zh_TW.con.FP70011
Description              WebSphere Application Server 7.0.0.11
Build Date               05/19/2010

Installed Maintenance Package
--------------------------------------------------------------------------------
Maintenance Package ID   cim.lang.zh_TW.FP70011
Description              WebSphere Application Server 7.0.0.11
Build Date               05/19/2010

--------------------------------------------------------------------------------
End Installation Status Report
--------------------------------------------------------------------------------
