--------------------------------------------------------------------------------
IBM WebSphere Application Server Product Installation Status Report
--------------------------------------------------------------------------------

Report at date and time April 27, 2010 10:10:41 AM CEST

Installation
--------------------------------------------------------------------------------
Product Directory        C:\IBM\WID61\runtimes\bi_v61
Version Directory        C:\IBM\WID61\runtimes\bi_v61\properties\version
DTD Directory            C:\IBM\WID61\runtimes\bi_v61\properties\version\dtd
Log Directory            C:\IBM\WID61\runtimes\bi_v61\logs
Backup Directory         C:\IBM\WID61\runtimes\bi_v61\properties\version\nif\backup
TMP Directory            C:\DOCUME~1\utvikler\LOKALE~1\Temp

Product List
--------------------------------------------------------------------------------
ND                       installed
WBI                      installed

Installed Product
--------------------------------------------------------------------------------
Name                     IBM WebSphere Application Server - ND
Version                  6.1.0.19
ID                       ND
Build Level              cf190836.04
Build Date               9/9/08

Installed Product
--------------------------------------------------------------------------------
Name                     IBM WebSphere Process Server
Version                  6.1.0.2
ID                       WBI
Build Level              o0828.04
Build Date               7/17/08

Installed Maintenance Package
--------------------------------------------------------------------------------
Maintenance Package ID   6.1.0-WS-WAS-WinX32-FP0000017
Description              WebSphere Application Server 6.1.0.17
Build Date               05/28/2008

Installed Maintenance Package
--------------------------------------------------------------------------------
Maintenance Package ID   6.1.0-WS-WAS-WinX32-FP0000019
Description              WebSphere Application Server 6.1.0.19
Build Date               09/10/2008

Installed Maintenance Package
--------------------------------------------------------------------------------
Maintenance Package ID   6.1.0-WS-WASSDK-WinX32-FP0000017
Description              Software Developer Kit 6.1.0.17
Build Date               05/28/2008

Installed Maintenance Package
--------------------------------------------------------------------------------
Maintenance Package ID   6.1.0-WS-WASSDK-WinX32-FP0000019
Description              Software Developer Kit 6.1.0.19
Build Date               09/10/2008

Installed Maintenance Package
--------------------------------------------------------------------------------
Maintenance Package ID   6.1.0-WS-WPS-ESB-WinX32-FP0000002
Description              WebSphere Process Server 6.1.0.2
Build Date               07/17/2008

Installed Maintenance Package
--------------------------------------------------------------------------------
Maintenance Package ID   6.1.0.0-WS-WBI-IFCompTest6.1.0.1ifix001
Description              Integration Test Client 6.1.0.1 IFix001
Build Date               2008/03/14

Installed Maintenance Package
--------------------------------------------------------------------------------
Maintenance Package ID   6.1.0.0-WS-WBI-IFCompTest6.1.0.2
Description              Integration Test Client 6.1.0.2
Build Date               2008/03/14

Installed Maintenance Package
--------------------------------------------------------------------------------
Maintenance Package ID   6.1.0.1-WS-WBI-IFJR29663
Description              REDUCE THE SCA QUEUE DESTINATIONS FOR IMPROVED PERFORMANCE
Build Date               2008/11/04

Installed Maintenance Package
--------------------------------------------------------------------------------
Maintenance Package ID   6.1.0.17-WS-WAS-IFPK72757
Description              SRVE0216E: POST BODY CONTAINS LESS BYTES THAN SPECIFIED BY CONTENT-LENGTH.
Build Date               2008/09/25

Installed Maintenance Package
--------------------------------------------------------------------------------
Maintenance Package ID   6.1.0.19-WS-WAS-IFPK73716
Description              APPLICATIONS MAY PROCESS INBOUND JCA WORK BEFORE SERVER STARTUP
Build Date               2008/10/26

Installed Maintenance Package
--------------------------------------------------------------------------------
Maintenance Package ID   6.1.0.19-WS-WAS-IFPK74220
Description              Fixes for recovery related SIBus APARs on top of 6.1.0.19
Build Date               2008/09/18

Installed Maintenance Package
--------------------------------------------------------------------------------
Maintenance Package ID   6.1.0.2-WS-WBI-IFJR29643
Description              Fix the problem that the root name of SCA message is not the element name.
Build Date               2008/09/23

Installed Maintenance Package
--------------------------------------------------------------------------------
Maintenance Package ID   6.1.0.2-WS-WBI-IFJR30556
Description              Fix the problem that output ear does not contains jar file.
Build Date               2008/10/13

Installed Maintenance Package
--------------------------------------------------------------------------------
Maintenance Package ID   6.1.0.2-WS-WBI-IFJR30652
Description              IMPROVE THE MEMORY PERFORMANCE OF THE XERCES PARSER
Build Date               2009/01/23

Installed Maintenance Package
--------------------------------------------------------------------------------
Maintenance Package ID   6.1.0.2-WS-WBI-IFJR30699
Description              SECURITYMANAGERIMPL IS USING A DEPLOYEDAPPLICATION AFTER THE APPLICATION HAS ALREADY BEEN STARTED.
Build Date               2008/10/17

Installed Maintenance Package
--------------------------------------------------------------------------------
Maintenance Package ID   6.1.0.2-WS-WBI-IFJR30708
Description              This is an iFix
Build Date               2008/11/01

Installed Maintenance Package
--------------------------------------------------------------------------------
Maintenance Package ID   6.1.0.2-WS-WBI-IFJR31654
Description              Fix for deadlock problem
Build Date               2009/01/13

Installed Maintenance Package
--------------------------------------------------------------------------------
Maintenance Package ID   6.1.0.2-WS-WBI-IFJR31675
Description              serviceDeploy of nested zip with two or more libraries
Build Date               2009/01/28

Installed Maintenance Package
--------------------------------------------------------------------------------
Maintenance Package ID   bpc.client.FP6102
Description              WebSphere Process Server 6.1.0.2
Build Date               07/17/2008

Installed Maintenance Package
--------------------------------------------------------------------------------
Maintenance Package ID   bpc.FP6102
Description              WebSphere Process Server 6.1.0.2
Build Date               07/17/2008

Installed Maintenance Package
--------------------------------------------------------------------------------
Maintenance Package ID   cmn.FP6102
Description              WebSphere Process Server 6.1.0.2
Build Date               07/17/2008

Installed Maintenance Package
--------------------------------------------------------------------------------
Maintenance Package ID   cmn.scripts.FP6102
Description              WebSphere Process Server 6.1.0.2
Build Date               07/17/2008

Installed Maintenance Package
--------------------------------------------------------------------------------
Maintenance Package ID   iwps.client.FP6102
Description              WebSphere Process Server 6.1.0.2
Build Date               07/17/2008

Installed Maintenance Package
--------------------------------------------------------------------------------
Maintenance Package ID   iwps.common.FP6102
Description              WebSphere Process Server 6.1.0.2
Build Date               07/17/2008

Installed Maintenance Package
--------------------------------------------------------------------------------
Maintenance Package ID   iwps.FP6102
Description              WebSphere Process Server 6.1.0.2
Build Date               07/17/2008

Installed Maintenance Package
--------------------------------------------------------------------------------
Maintenance Package ID   sdk.FP61017
Description              WebSphere Application Server 6.1.0.17
Build Date               05/28/2008

Installed Maintenance Package
--------------------------------------------------------------------------------
Maintenance Package ID   sdk.FP61019
Description              WebSphere Application Server 6.1.0.19
Build Date               09/10/2008

Installed Maintenance Package
--------------------------------------------------------------------------------
Maintenance Package ID   soacore.FP6102
Description              WebSphere Process Server 6.1.0.2
Build Date               07/17/2008

Installed Maintenance Package
--------------------------------------------------------------------------------
Maintenance Package ID   soacore.wbi.FP6102
Description              WebSphere Process Server 6.1.0.2
Build Date               07/17/2008

Installed Maintenance Package
--------------------------------------------------------------------------------
Maintenance Package ID   was.embed.common.FP61017
Description              WebSphere Application Server 6.1.0.17
Build Date               05/28/2008

Installed Maintenance Package
--------------------------------------------------------------------------------
Maintenance Package ID   was.embed.common.FP61019
Description              WebSphere Application Server 6.1.0.19
Build Date               09/10/2008

Installed Maintenance Package
--------------------------------------------------------------------------------
Maintenance Package ID   was.embed.FP61017
Description              WebSphere Application Server 6.1.0.17
Build Date               05/28/2008

Installed Maintenance Package
--------------------------------------------------------------------------------
Maintenance Package ID   was.embed.FP61019
Description              WebSphere Application Server 6.1.0.19
Build Date               09/10/2008

Installed Maintenance Package
--------------------------------------------------------------------------------
Maintenance Package ID   was.itlm.nd.FP61017
Description              WebSphere Application Server 6.1.0.17
Build Date               05/28/2008

Installed Maintenance Package
--------------------------------------------------------------------------------
Maintenance Package ID   was.itlm.nd.FP61019
Description              WebSphere Application Server 6.1.0.19
Build Date               09/10/2008

Installed Maintenance Package
--------------------------------------------------------------------------------
Maintenance Package ID   was.license.FP61017
Description              WebSphere Application Server 6.1.0.17
Build Date               05/28/2008

Installed Maintenance Package
--------------------------------------------------------------------------------
Maintenance Package ID   was.license.FP61019
Description              WebSphere Application Server 6.1.0.19
Build Date               09/10/2008

Installed Maintenance Package
--------------------------------------------------------------------------------
Maintenance Package ID   was.ndonly.common.FP61017
Description              WebSphere Application Server 6.1.0.17
Build Date               05/28/2008

Installed Maintenance Package
--------------------------------------------------------------------------------
Maintenance Package ID   was.ndonly.common.FP61019
Description              WebSphere Application Server 6.1.0.19
Build Date               09/10/2008

Installed Maintenance Package
--------------------------------------------------------------------------------
Maintenance Package ID   was.ndonly.FP61017
Description              WebSphere Application Server 6.1.0.17
Build Date               05/28/2008

Installed Maintenance Package
--------------------------------------------------------------------------------
Maintenance Package ID   was.ndonly.FP61019
Description              WebSphere Application Server 6.1.0.19
Build Date               09/10/2008

Installed Maintenance Package
--------------------------------------------------------------------------------
Maintenance Package ID   was.server.common.FP61017
Description              WebSphere Application Server 6.1.0.17
Build Date               05/28/2008

Installed Maintenance Package
--------------------------------------------------------------------------------
Maintenance Package ID   was.server.common.FP61019
Description              WebSphere Application Server 6.1.0.19
Build Date               09/10/2008

Installed Maintenance Package
--------------------------------------------------------------------------------
Maintenance Package ID   was.server.FP61017
Description              WebSphere Application Server 6.1.0.17
Build Date               05/28/2008

Installed Maintenance Package
--------------------------------------------------------------------------------
Maintenance Package ID   was.server.FP61019
Description              WebSphere Application Server 6.1.0.19
Build Date               09/10/2008

Installed Maintenance Package
--------------------------------------------------------------------------------
Maintenance Package ID   wbis.FP6102
Description              WebSphere Process Server 6.1.0.2
Build Date               07/17/2008

Installed Maintenance Package
--------------------------------------------------------------------------------
Maintenance Package ID   wbisonly.FP6102
Description              WebSphere Process Server 6.1.0.2
Build Date               07/17/2008

Installed Maintenance Package
--------------------------------------------------------------------------------
Maintenance Package ID   wesb.FP6102
Description              WebSphere Process Server 6.1.0.2
Build Date               07/17/2008

--------------------------------------------------------------------------------
End Installation Status Report
--------------------------------------------------------------------------------
