--------------------------------------------------------------------------------
IBM WebSphere Application Server Product Installation Status Report
--------------------------------------------------------------------------------

Report at date and time 27. april 2010 10:19:59 CEST

Installation
--------------------------------------------------------------------------------
Product Directory        C:\IBM\WID7_WTE\runtimes\bi_v7
Version Directory        C:\IBM\WID7_WTE\runtimes\bi_v7\properties\version
DTD Directory            C:\IBM\WID7_WTE\runtimes\bi_v7\properties\version\dtd
Log Directory            C:\IBM\WID7_WTE\runtimes\bi_v7\logs
Backup Directory         C:\IBM\WID7_WTE\runtimes\bi_v7\properties\version\nif\backup
TMP Directory            C:\DOCUME~1\utvikler\LOKALE~1\Temp

Product List
--------------------------------------------------------------------------------
SCA                      installed
ND                       installed
WBI                      installed
XML                      installed

Installed Product
--------------------------------------------------------------------------------
Name                     SCA Feature Pack
Version                  1.0.1.1
ID                       SCA
Build Level              cf010950.08
Build Date               12/19/09
Architecture             Intel (32 bit)

Installed Product
--------------------------------------------------------------------------------
Name                     IBM WebSphere Application Server - ND
Version                  7.0.0.7
ID                       ND
Build Level              wps0946.04
Build Date               11/18/09
Architecture             Intel (32 bit)

Installed Product
--------------------------------------------------------------------------------
Name                     IBM WebSphere Process Server
Version                  7.0.0.1
ID                       WBI
Build Level              of0950.17
Build Date               12/20/09
Architecture             Intel (32 bit)

Installed Product
--------------------------------------------------------------------------------
Name                     XML Feature Pack
Version                  1.0.0.1
ID                       XML
Build Level              cf010950.07
Build Date               12/19/09
Architecture             Intel (32 bit)

Installed Maintenance Package
--------------------------------------------------------------------------------
Maintenance Package ID   7.0.0.7-WS-WAS-WinX32-IFPK98944
Description              WebSphere Application Server Cumulative iFix
Build Date               11/18/2009

Installed Maintenance Package
--------------------------------------------------------------------------------
Maintenance Package ID   was.ndonly.CF7007
Description              WebSphere Application Server Cumulative iFix
Build Date               11/18/2009

Installed Maintenance Package
--------------------------------------------------------------------------------
Maintenance Package ID   was.ndonly.common.CF7007
Description              WebSphere Application Server Cumulative iFix
Build Date               11/18/2009

Installed Maintenance Package
--------------------------------------------------------------------------------
Maintenance Package ID   was.license.CF7007
Description              WebSphere Application Server Cumulative iFix
Build Date               11/18/2009

Installed Maintenance Package
--------------------------------------------------------------------------------
Maintenance Package ID   was.samples.CF7007
Description              WebSphere Application Server Cumulative iFix
Build Date               11/18/2009

Installed Maintenance Package
--------------------------------------------------------------------------------
Maintenance Package ID   was.samples.common.CF7007
Description              WebSphere Application Server Cumulative iFix
Build Date               11/18/2009

Installed Maintenance Package
--------------------------------------------------------------------------------
Maintenance Package ID   was.samples.beenthere.CF7007
Description              WebSphere Application Server Cumulative iFix
Build Date               11/18/2009

Installed Maintenance Package
--------------------------------------------------------------------------------
Maintenance Package ID   was.server.CF7007
Description              WebSphere Application Server Cumulative iFix
Build Date               11/18/2009

Installed Maintenance Package
--------------------------------------------------------------------------------
Maintenance Package ID   was.server.common.CF7007
Description              WebSphere Application Server Cumulative iFix
Build Date               11/18/2009

Installed Maintenance Package
--------------------------------------------------------------------------------
Maintenance Package ID   was.thinclient.common.CF7007
Description              WebSphere Application Server Cumulative iFix
Build Date               11/18/2009

Installed Maintenance Package
--------------------------------------------------------------------------------
Maintenance Package ID   was.itlm.nd.CF7007
Description              WebSphere Application Server Cumulative iFix
Build Date               11/18/2009

Installed Maintenance Package
--------------------------------------------------------------------------------
Maintenance Package ID   was.embed.CF7007
Description              Embedded Express 7.0.0.7
Build Date               11/18/2009

Installed Maintenance Package
--------------------------------------------------------------------------------
Maintenance Package ID   was.embed.common.CF7007
Description              Embedded Express 7.0.0.7
Build Date               11/18/2009

Installed Maintenance Package
--------------------------------------------------------------------------------
Maintenance Package ID   7.0.0.x-SDKPM00452
Description              Map.Entry object passed to LinkedHashMap.removeEldestEntry() is not fully constructed. The Entry object contains a key but no value.This isnt the correct behaviour. It should contain both key as well as value.
Build Date               11/10/2009

Installed Maintenance Package
--------------------------------------------------------------------------------
Maintenance Package ID   sdk.PM00452
Description              Map.Entry object passed to LinkedHashMap.removeEldestEntry() is not fully constructed. The Entry object contains a key but no value.This isnt the correct behaviour. It should contain both key as well as value.
Build Date               11/10/2009

Installed Maintenance Package
--------------------------------------------------------------------------------
Maintenance Package ID   1.0-WS-SCA-RP0000001
Description              SCA Feature Pack Refresh Pack 1.0.1.0
Build Date               11/09/2009

Installed Maintenance Package
--------------------------------------------------------------------------------
Maintenance Package ID   fep.sca.enablement.RP1010
Description              SCA Feature Pack Refresh Pack 1.0.1.0
Build Date               11/09/2009

Installed Maintenance Package
--------------------------------------------------------------------------------
Maintenance Package ID   fep.sca.featurepack.RP1010
Description              SCA Feature Pack Refresh Pack 1.0.1.0
Build Date               11/09/2009

Installed Maintenance Package
--------------------------------------------------------------------------------
Maintenance Package ID   fep.sca.swebui.RP1010
Description              SCA Feature Pack Refresh Pack 1.0.1.0
Build Date               11/09/2009

Installed Maintenance Package
--------------------------------------------------------------------------------
Maintenance Package ID   fep.sdo.core.pak
Description              This is an install package for the componentmap: sdo.core
Build Date               11/9/09

Installed Maintenance Package
--------------------------------------------------------------------------------
Maintenance Package ID   fep.sca.featurepack.nd.RP1010
Description              SCA Feature Pack Refresh Pack 1.0.1.0
Build Date               11/09/2009

Installed Maintenance Package
--------------------------------------------------------------------------------
Maintenance Package ID   fep.sdo.core.nd.pak
Description              This is an install package for the componentmap: sdo.core.nd
Build Date               11/9/09

Installed Maintenance Package
--------------------------------------------------------------------------------
Maintenance Package ID   1.0.1-WS-SCA-FP0000001
Description              SCA Feature Pack FixPack 1.0.1.1
Build Date               09/10/2009

Installed Maintenance Package
--------------------------------------------------------------------------------
Maintenance Package ID   fep.sca.enablement.FP1011
Description              SCA Feature Pack FixPack 1.0.1.1
Build Date               09/10/2009

Installed Maintenance Package
--------------------------------------------------------------------------------
Maintenance Package ID   fep.sca.featurepack.FP1011
Description              SCA Feature Pack FixPack 1.0.1.1
Build Date               09/10/2009

Installed Maintenance Package
--------------------------------------------------------------------------------
Maintenance Package ID   fep.sca.swebui.FP1011
Description              SCA Feature Pack FixPack 1.0.1.1
Build Date               09/10/2009

Installed Maintenance Package
--------------------------------------------------------------------------------
Maintenance Package ID   1.0.0-WS-XML-FP0000001
Description              XML Feature Pack FixPack 1.0.0.1
Build Date               07/01/2009

Installed Maintenance Package
--------------------------------------------------------------------------------
Maintenance Package ID   fep.xml.enablement.FP1001
Description              XML Feature Pack FixPack 1.0.0.1
Build Date               06/30/2009

Installed Maintenance Package
--------------------------------------------------------------------------------
Maintenance Package ID   fep.xml.featurepack.FP1001
Description              XML Feature Pack FixPack 1.0.0.1
Build Date               09/15/2009

Installed Maintenance Package
--------------------------------------------------------------------------------
Maintenance Package ID   fep.sca.featurepack.nd.FP1011
Description              SCA Feature Pack FixPack 1.0.1.1
Build Date               09/10/2009

Installed Maintenance Package
--------------------------------------------------------------------------------
Maintenance Package ID   fep.sdo.core.FP1011
Description              SCA Feature Pack FixPack 1.0.1.1
Build Date               09/10/2009

Installed Maintenance Package
--------------------------------------------------------------------------------
Maintenance Package ID   fep.sdo.core.nd.FP1011
Description              SCA Feature Pack FixPack 1.0.1.1
Build Date               09/10/2009

Installed Maintenance Package
--------------------------------------------------------------------------------
Maintenance Package ID   fep.xml.featurepack.nd.FP1001
Description              XML Feature Pack FixPack 1.0.0.1
Build Date               09/15/2009

Installed Maintenance Package
--------------------------------------------------------------------------------
Maintenance Package ID   7.0.0-WS-WBI-FP0000001
Description              WebSphere Process Server - 7.0.0.1
Build Date               12/20/2009

Installed Maintenance Package
--------------------------------------------------------------------------------
Maintenance Package ID   soacore.FP7001
Description              WebSphere Process Server - 7.0.0.1
Build Date               12/20/2009

Installed Maintenance Package
--------------------------------------------------------------------------------
Maintenance Package ID   bpc.client.FP7001
Description              WebSphere Process Server - 7.0.0.1
Build Date               12/20/2009

Installed Maintenance Package
--------------------------------------------------------------------------------
Maintenance Package ID   iwps.client.FP7001
Description              WebSphere Process Server - 7.0.0.1
Build Date               12/20/2009

Installed Maintenance Package
--------------------------------------------------------------------------------
Maintenance Package ID   wbis.client.common.FP7001
Description              WebSphere Process Server - 7.0.0.1
Build Date               12/20/2009

Installed Maintenance Package
--------------------------------------------------------------------------------
Maintenance Package ID   soacore.wbi.FP7001
Description              WebSphere Process Server - 7.0.0.1
Build Date               12/20/2009

Installed Maintenance Package
--------------------------------------------------------------------------------
Maintenance Package ID   bpc.FP7001
Description              WebSphere Process Server - 7.0.0.1
Build Date               12/20/2009

Installed Maintenance Package
--------------------------------------------------------------------------------
Maintenance Package ID   cmn.FP7001
Description              WebSphere Process Server - 7.0.0.1
Build Date               12/20/2009

Installed Maintenance Package
--------------------------------------------------------------------------------
Maintenance Package ID   cmn.scripts.FP7001
Description              WebSphere Process Server - 7.0.0.1
Build Date               12/20/2009

Installed Maintenance Package
--------------------------------------------------------------------------------
Maintenance Package ID   wesb.FP7001
Description              WebSphere Process Server - 7.0.0.1
Build Date               12/20/2009

Installed Maintenance Package
--------------------------------------------------------------------------------
Maintenance Package ID   wbis.FP7001
Description              WebSphere Process Server - 7.0.0.1
Build Date               12/20/2009

Installed Maintenance Package
--------------------------------------------------------------------------------
Maintenance Package ID   wbisonly.FP7001
Description              WebSphere Process Server - 7.0.0.1
Build Date               12/20/2009

Installed Maintenance Package
--------------------------------------------------------------------------------
Maintenance Package ID   iwps.FP7001
Description              WebSphere Process Server - 7.0.0.1
Build Date               12/20/2009

Installed Maintenance Package
--------------------------------------------------------------------------------
Maintenance Package ID   iwps.common.FP7001
Description              WebSphere Process Server - 7.0.0.1
Build Date               12/20/2009

--------------------------------------------------------------------------------
End Installation Status Report
--------------------------------------------------------------------------------
